<?xml version="1.0" encoding="UTF-8"?>
<robot generator="Robot 6.1 (Python 3.11.4 on win32)" generated="20230914 15:08:29.820" rpa="false" schemaversion="4">
<suite id="s1" name="AddDzikir" source="D:\PKL\Automation\DZIKRAGHERKIN\Test\AddDzikir.robot">
<test id="s1-t1" name="Add New Dzikir" line="8">
<kw name="Given user add dzikir success" library="addDzikir">
<kw name="Login Add Dzikir Success" library="addDzikir">
<kw name="Begin Browser" library="login">
<arg>${url}</arg>
<arg>${browser}</arg>
<kw name="Open Browser" library="Selenium2Library">
<arg>${url}</arg>
<arg>${browser}</arg>
<doc>Opens a new browser instance to the optional ``url``.</doc>
<msg timestamp="20230914 15:08:30.588" level="INFO">Opening browser 'Chrome' to base url 'https://dev.admin.dzikra.apps360.id/login'.</msg>
<status status="PASS" starttime="20230914 15:08:30.585" endtime="20230914 15:08:34.148"/>
</kw>
<status status="PASS" starttime="20230914 15:08:30.584" endtime="20230914 15:08:34.148"/>
</kw>
<kw name="Begin Web Test" library="login">
<arg>${delay}</arg>
<kw name="Maximize Browser Window" library="Selenium2Library">
<doc>Maximizes current browser window.</doc>
<status status="PASS" starttime="20230914 15:08:34.150" endtime="20230914 15:08:34.371"/>
</kw>
<kw name="Set Selenium Speed" library="Selenium2Library">
<arg>${delay}</arg>
<doc>Sets the delay that is waited after each Selenium command.</doc>
<status status="PASS" starttime="20230914 15:08:34.372" endtime="20230914 15:08:34.375"/>
</kw>
<kw name="Title Should Be" library="Selenium2Library">
<arg>Web Admin Dzikra</arg>
<doc>Verifies that the current page title equals ``title``.</doc>
<msg timestamp="20230914 15:08:34.892" level="INFO">Page title is 'Web Admin Dzikra'.</msg>
<status status="PASS" starttime="20230914 15:08:34.375" endtime="20230914 15:08:34.892"/>
</kw>
<status status="PASS" starttime="20230914 15:08:34.149" endtime="20230914 15:08:34.892"/>
</kw>
<kw name="Input Username" library="login">
<arg>${username}</arg>
<kw name="Input Text" library="Selenium2Library">
<arg>name:username</arg>
<arg>${username}</arg>
<doc>Types the given ``text`` into the text field identified by ``locator``.</doc>
<msg timestamp="20230914 15:08:34.897" level="INFO">Typing text 'admin' into text field 'name:username'.</msg>
<status status="PASS" starttime="20230914 15:08:34.894" endtime="20230914 15:08:36.760"/>
</kw>
<status status="PASS" starttime="20230914 15:08:34.893" endtime="20230914 15:08:36.760"/>
</kw>
<kw name="Input Password" library="login">
<arg>${password}</arg>
<kw name="Input Text" library="Selenium2Library">
<arg>name:password</arg>
<arg>${password}</arg>
<doc>Types the given ``text`` into the text field identified by ``locator``.</doc>
<msg timestamp="20230914 15:08:36.763" level="INFO">Typing text 'admin' into text field 'name:password'.</msg>
<status status="PASS" starttime="20230914 15:08:36.761" endtime="20230914 15:08:38.590"/>
</kw>
<status status="PASS" starttime="20230914 15:08:36.760" endtime="20230914 15:08:38.590"/>
</kw>
<kw name="Click Login Button" library="login">
<kw name="Click Element" library="Selenium2Library">
<arg>//button[@type="submit" and contains(text(), "Login")]</arg>
<doc>Click the element identified by ``locator``.</doc>
<msg timestamp="20230914 15:08:38.592" level="INFO">Clicking element '//button[@type="submit" and contains(text(), "Login")]'.</msg>
<status status="PASS" starttime="20230914 15:08:38.591" endtime="20230914 15:08:39.751"/>
</kw>
<status status="PASS" starttime="20230914 15:08:38.590" endtime="20230914 15:08:39.751"/>
</kw>
<kw name="Verify Login Success" library="login">
<kw name="Sleep" library="BuiltIn">
<arg>2</arg>
<doc>Pauses the test executed for the given time.</doc>
<msg timestamp="20230914 15:08:41.755" level="INFO">Slept 2 seconds</msg>
<status status="PASS" starttime="20230914 15:08:39.753" endtime="20230914 15:08:41.755"/>
</kw>
<kw name="Element Should Be Visible" library="Selenium2Library">
<arg>xpath:/html/body/div/div[2]/div[1]/div[2]/a/span</arg>
<arg>Dashboard</arg>
<doc>Verifies that the element identified by ``locator`` is visible.</doc>
<msg timestamp="20230914 15:08:43.135" level="INFO">Element 'xpath:/html/body/div/div[2]/div[1]/div[2]/a/span' is displayed.</msg>
<status status="PASS" starttime="20230914 15:08:41.756" endtime="20230914 15:08:43.135"/>
</kw>
<status status="PASS" starttime="20230914 15:08:39.752" endtime="20230914 15:08:43.135"/>
</kw>
<status status="PASS" starttime="20230914 15:08:30.583" endtime="20230914 15:08:43.135"/>
</kw>
<status status="PASS" starttime="20230914 15:08:30.582" endtime="20230914 15:08:43.135"/>
</kw>
<kw name="When user go to menu dzikir" library="addDzikir">
<kw name="Navigate To Menu Dzikir" library="addDzikir">
<kw name="Click Element" library="Selenium2Library">
<arg>xpath:/html/body/div/div[2]/div[1]/div[3]/a</arg>
<doc>Click the element identified by ``locator``.</doc>
<msg timestamp="20230914 15:08:43.140" level="INFO">Clicking element 'xpath:/html/body/div/div[2]/div[1]/div[3]/a'.</msg>
<status status="PASS" starttime="20230914 15:08:43.139" endtime="20230914 15:08:44.379"/>
</kw>
<kw name="Element Text Should Be" library="Selenium2Library">
<arg>xpath://*[@id="root"]/div[2]/div[2]/div/div[1]/p</arg>
<arg>Dzikir</arg>
<doc>Verifies that element ``locator`` contains exact the text ``expected``.</doc>
<msg timestamp="20230914 15:08:44.382" level="INFO">Verifying element 'xpath://*[@id="root"]/div[2]/div[2]/div/div[1]/p' contains exact text 'Dzikir'.</msg>
<status status="PASS" starttime="20230914 15:08:44.379" endtime="20230914 15:08:45.543"/>
</kw>
<kw name="Click Button" library="Selenium2Library">
<arg>xpath://*[@id="root"]/div[2]/div[2]/div/div[2]/div[1]/div/div/button[2]</arg>
<doc>Clicks the button identified by ``locator``.</doc>
<msg timestamp="20230914 15:08:45.544" level="INFO">Clicking button 'xpath://*[@id="root"]/div[2]/div[2]/div/div[2]/div[1]/div/div/button[2]'.</msg>
<status status="PASS" starttime="20230914 15:08:45.543" endtime="20230914 15:08:48.391"/>
</kw>
<kw name="Element Text Should Be" library="Selenium2Library">
<arg>xpath://*[@id="root"]/div[2]/div[2]/form/div/div[3]/div[1]/p</arg>
<arg>Tambah Dzikir</arg>
<doc>Verifies that element ``locator`` contains exact the text ``expected``.</doc>
<msg timestamp="20230914 15:08:48.393" level="INFO">Verifying element 'xpath://*[@id="root"]/div[2]/div[2]/form/div/div[3]/div[1]/p' contains exact text 'Tambah Dzikir'.</msg>
<status status="PASS" starttime="20230914 15:08:48.391" endtime="20230914 15:08:49.448"/>
</kw>
<status status="PASS" starttime="20230914 15:08:43.137" endtime="20230914 15:08:49.448"/>
</kw>
<status status="PASS" starttime="20230914 15:08:43.137" endtime="20230914 15:08:49.448"/>
</kw>
<kw name="And Add Dzikir" library="addDzikir">
<arg>${namadzikir}</arg>
<kw name="Input Text" library="Selenium2Library">
<arg>name:dzikirName</arg>
<arg>${namadzikir}</arg>
<doc>Types the given ``text`` into the text field identified by ``locator``.</doc>
<msg timestamp="20230914 15:08:49.452" level="INFO">Typing text 'AUTOMATE DZIKIR PAGI' into text field 'name:dzikirName'.</msg>
<status status="PASS" starttime="20230914 15:08:49.451" endtime="20230914 15:08:51.629"/>
</kw>
<kw name="Click Element" library="Selenium2Library">
<arg>xpath://*[@id="root"]/div[2]/div[2]/form/div/div[3]/div[3]/div[1]/div/div[2]/div[2]</arg>
<doc>Click the element identified by ``locator``.</doc>
<msg timestamp="20230914 15:08:51.630" level="INFO">Clicking element 'xpath://*[@id="root"]/div[2]/div[2]/form/div/div[3]/div[3]/div[1]/div/div[2]/div[2]'.</msg>
<status status="PASS" starttime="20230914 15:08:51.629" endtime="20230914 15:08:52.825"/>
</kw>
<kw name="Click Element" library="Selenium2Library">
<arg>xpath://*[@id="react-select-2-option-0"]</arg>
<doc>Click the element identified by ``locator``.</doc>
<msg timestamp="20230914 15:08:52.826" level="INFO">Clicking element 'xpath://*[@id="react-select-2-option-0"]'.</msg>
<status status="PASS" starttime="20230914 15:08:52.825" endtime="20230914 15:08:53.964"/>
</kw>
<kw name="Sleep" library="BuiltIn">
<arg>2</arg>
<doc>Pauses the test executed for the given time.</doc>
<msg timestamp="20230914 15:08:55.966" level="INFO">Slept 2 seconds</msg>
<status status="PASS" starttime="20230914 15:08:53.965" endtime="20230914 15:08:55.966"/>
</kw>
<status status="PASS" starttime="20230914 15:08:49.450" endtime="20230914 15:08:55.966"/>
</kw>
<kw name="And Add Item Dzikir" library="addDzikir">
<arg>${namabacaan}</arg>
<arg>${arab}</arg>
<arg>${transliterasi}</arg>
<arg>${translasi}</arg>
<arg>${pengulangan}</arg>
<arg>${referensi}</arg>
<kw name="Click Button" library="Selenium2Library">
<arg>xpath://*[@id="root"]/div[2]/div[2]/form/div/div[3]/div[4]/div/button</arg>
<doc>Clicks the button identified by ``locator``.</doc>
<msg timestamp="20230914 15:08:55.971" level="INFO">Clicking button 'xpath://*[@id="root"]/div[2]/div[2]/form/div/div[3]/div[4]/div/button'.</msg>
<status status="PASS" starttime="20230914 15:08:55.970" endtime="20230914 15:08:58.692"/>
</kw>
<kw name="Element Text Should Be" library="Selenium2Library">
<arg>xpath://*[@id="root"]/div[2]/div[2]/form/div/div[3]/div[1]/p</arg>
<arg>Tambah Bacaan Dzikir</arg>
<doc>Verifies that element ``locator`` contains exact the text ``expected``.</doc>
<msg timestamp="20230914 15:08:58.696" level="INFO">Verifying element 'xpath://*[@id="root"]/div[2]/div[2]/form/div/div[3]/div[1]/p' contains exact text 'Tambah Bacaan Dzikir'.</msg>
<status status="PASS" starttime="20230914 15:08:58.692" endtime="20230914 15:08:59.744"/>
</kw>
<kw name="Input Text" library="Selenium2Library">
<arg>name:dzikirDetails[0].doaName</arg>
<arg>${namabacaan}</arg>
<doc>Types the given ``text`` into the text field identified by ``locator``.</doc>
<msg timestamp="20230914 15:08:59.745" level="INFO">Typing text 'AUTOMATE Doa Melihat Ke Langit' into text field 'name:dzikirDetails[0].doaName'.</msg>
<status status="PASS" starttime="20230914 15:08:59.744" endtime="20230914 15:09:01.702"/>
</kw>
<kw name="Input Text" library="Selenium2Library">
<arg>name:dzikirDetails[0].arabicText</arg>
<arg>${arab}</arg>
<doc>Types the given ``text`` into the text field identified by ``locator``.</doc>
<msg timestamp="20230914 15:09:01.702" level="INFO">Typing text 'رَبَّنَا مَا خَلَقْتَ هَٰذَا بَٰطِلًا سُبْحَٰنَكَ فَقِنَا عَذَابَ ٱلنَّارِ' into text field 'name:dzikirDetails[0].arabicText'.</msg>
<status status="PASS" starttime="20230914 15:09:01.702" endtime="20230914 15:09:04.144"/>
</kw>
<kw name="Input Text" library="Selenium2Library">
<arg>name:dzikirDetails[0].latinText</arg>
<arg>${transliterasi}</arg>
<doc>Types the given ``text`` into the text field identified by ``locator``.</doc>
<msg timestamp="20230914 15:09:04.145" level="INFO">Typing text 'Rabbanā mā khalaqta hāżā bāṭilā, sub-ḥānaka fa qinā 'ażāban-nār.' into text field 'name:dzikirDetails[0].latinText'.</msg>
<status status="PASS" starttime="20230914 15:09:04.144" endtime="20230914 15:09:06.397"/>
</kw>
<kw name="Input Text" library="Selenium2Library">
<arg>name:dzikirDetails[0].translate</arg>
<arg>${translasi}</arg>
<doc>Types the given ``text`` into the text field identified by ``locator``.</doc>
<msg timestamp="20230914 15:09:06.398" level="INFO">Typing text 'Ya Tuhan kami, tidaklah Engkau menciptakan ini dengan sia-sia, Maha Suci Engkau, maka peliharalah kami dari siksa neraka.' into text field 'name:dzikirDetails[0].translate'.</msg>
<status status="PASS" starttime="20230914 15:09:06.397" endtime="20230914 15:09:09.069"/>
</kw>
<kw name="Input Text" library="Selenium2Library">
<arg>name:dzikirDetails[0].repeat</arg>
<arg>${pengulangan}</arg>
<doc>Types the given ``text`` into the text field identified by ``locator``.</doc>
<msg timestamp="20230914 15:09:09.071" level="INFO">Typing text '3' into text field 'name:dzikirDetails[0].repeat'.</msg>
<status status="PASS" starttime="20230914 15:09:09.069" endtime="20230914 15:09:10.827"/>
</kw>
<kw name="Input Text" library="Selenium2Library">
<arg>name:dzikirDetails[0].referensi</arg>
<arg>${referensi}</arg>
<doc>Types the given ``text`` into the text field identified by ``locator``.</doc>
<msg timestamp="20230914 15:09:10.828" level="INFO">Typing text 'QS. Ali Imran: 191' into text field 'name:dzikirDetails[0].referensi'.</msg>
<status status="PASS" starttime="20230914 15:09:10.827" endtime="20230914 15:09:12.724"/>
</kw>
<kw name="Press Keys" library="Selenium2Library">
<arg>None</arg>
<arg>\ue00f</arg>
<doc>Simulates the user pressing key(s) to an element or on the active browser.</doc>
<msg timestamp="20230914 15:09:12.728" level="INFO">Sending key(s) ('\ue00f',) to page.</msg>
<msg timestamp="20230914 15:09:12.728" level="INFO">Sending key </msg>
<status status="PASS" starttime="20230914 15:09:12.724" endtime="20230914 15:09:13.248"/>
</kw>
<kw name="Sleep" library="BuiltIn">
<arg>1</arg>
<doc>Pauses the test executed for the given time.</doc>
<msg timestamp="20230914 15:09:14.249" level="INFO">Slept 1 second</msg>
<status status="PASS" starttime="20230914 15:09:13.248" endtime="20230914 15:09:14.249"/>
</kw>
<kw name="Click Button" library="Selenium2Library">
<arg>xpath://*[@id="root"]/div[2]/div[2]/form/div/div[3]/div[9]/div/div/div/button[2]</arg>
<doc>Clicks the button identified by ``locator``.</doc>
<msg timestamp="20230914 15:09:14.250" level="INFO">Clicking button 'xpath://*[@id="root"]/div[2]/div[2]/form/div/div[3]/div[9]/div/div/div/button[2]'.</msg>
<status status="PASS" starttime="20230914 15:09:14.249" endtime="20230914 15:09:16.983"/>
</kw>
<status status="PASS" starttime="20230914 15:08:55.968" endtime="20230914 15:09:16.983"/>
</kw>
<kw name="Then Verify Add Dzikir Success" library="addDzikir">
<kw name="Wait Until Element Is Visible" library="Selenium2Library">
<arg>xpath://div[contains(@class, 'Toastify__toast-body')]</arg>
<doc>Waits until the element ``locator`` is visible.</doc>
<status status="PASS" starttime="20230914 15:09:16.985" endtime="20230914 15:09:18.054"/>
</kw>
<kw name="Element Text Should Be" library="Selenium2Library">
<arg>xpath://div[contains(@class, 'Toastify__toast-body')]</arg>
<arg>Data bacaan dzikir berhasil ditambahkan!</arg>
<doc>Verifies that element ``locator`` contains exact the text ``expected``.</doc>
<msg timestamp="20230914 15:09:18.056" level="INFO">Verifying element 'xpath://div[contains(@class, 'Toastify__toast-body')]' contains exact text 'Data bacaan dzikir berhasil ditambahkan!'.</msg>
<status status="PASS" starttime="20230914 15:09:18.054" endtime="20230914 15:09:19.095"/>
</kw>
<kw name="Click Button" library="Selenium2Library">
<arg>xpath://*[@id="root"]/div[2]/div[2]/form/div/div[3]/div[6]/div/div/div/button[2]</arg>
<doc>Clicks the button identified by ``locator``.</doc>
<msg timestamp="20230914 15:09:19.096" level="INFO">Clicking button 'xpath://*[@id="root"]/div[2]/div[2]/form/div/div[3]/div[6]/div/div/div/button[2]'.</msg>
<status status="PASS" starttime="20230914 15:09:19.095" endtime="20230914 15:09:21.843"/>
</kw>
<kw name="Wait Until Element Is Visible" library="Selenium2Library">
<arg>xpath://div[contains(@class, 'Toastify__toast-body')]</arg>
<doc>Waits until the element ``locator`` is visible.</doc>
<status status="PASS" starttime="20230914 15:09:21.843" endtime="20230914 15:09:22.887"/>
</kw>
<kw name="Element Text Should Be" library="Selenium2Library">
<arg>xpath://div[contains(@class, 'Toastify__toast-body')]</arg>
<arg>Data Berhasil Ditambah</arg>
<doc>Verifies that element ``locator`` contains exact the text ``expected``.</doc>
<msg timestamp="20230914 15:09:22.890" level="INFO">Verifying element 'xpath://div[contains(@class, 'Toastify__toast-body')]' contains exact text 'Data Berhasil Ditambah'.</msg>
<status status="PASS" starttime="20230914 15:09:22.888" endtime="20230914 15:09:23.930"/>
</kw>
<status status="PASS" starttime="20230914 15:09:16.984" endtime="20230914 15:09:23.930"/>
</kw>
<status status="PASS" starttime="20230914 15:08:30.580" endtime="20230914 15:09:23.931"/>
</test>
<status status="PASS" starttime="20230914 15:08:29.826" endtime="20230914 15:09:23.936"/>
</suite>
<statistics>
<total>
<stat pass="1" fail="0" skip="0">All Tests</stat>
</total>
<tag>
</tag>
<suite>
<stat pass="1" fail="0" skip="0" id="s1" name="AddDzikir">AddDzikir</stat>
</suite>
</statistics>
<errors>
</errors>
</robot>
